<?xml version="1.0" encoding="UTF-8"?>
<!-- Generated by org.testng.reporters.JUnitXMLReporter -->
<testsuite hostname="Potatos-Mac" ignored="81" name="Regresion test" tests="1" failures="0" timestamp="2021-02-10T15:18:51 WIB" time="13.176" errors="0">
  <testcase name="signIn" time="3.507" classname="TestCases.UploadContractTest"/>
  <testcase name="J04_FourthStepService" time="0.0" classname="TestCases.AddServiceTest">
    <ignored/>
  </testcase> <!-- J04_FourthStepService -->
  <testcase name="N03_InviteUserWithValidCredential" time="0.0" classname="TestCases.InviteUserTest">
    <ignored/>
  </testcase> <!-- N03_InviteUserWithValidCredential -->
  <testcase name="F01_UpdatePasswordWithIncorrectCurrentPassword" time="0.0" classname="TestCases.UpdatePasswordTest">
    <ignored/>
  </testcase> <!-- F01_UpdatePasswordWithIncorrectCurrentPassword -->
  <testcase name="signIn" time="0.0" classname="TestCases.ListServiceTest">
    <ignored/>
  </testcase> <!-- signIn -->
  <testcase name="K01_AccessListServicePage" time="0.0" classname="TestCases.ListServiceTest">
    <ignored/>
  </testcase> <!-- K01_AccessListServicePage -->
  <testcase name="H05_Reporting" time="0.0" classname="TestCases.DocumentationTest">
    <ignored/>
  </testcase> <!-- H05_Reporting -->
  <testcase name="signIn" time="0.0" classname="TestCases.AddServiceTest">
    <ignored/>
  </testcase> <!-- signIn -->
  <testcase name="K05_EditServiceWithAllMandatoryFieldsAreFilled" time="0.0" classname="TestCases.ListServiceTest">
    <ignored/>
  </testcase> <!-- K05_EditServiceWithAllMandatoryFieldsAreFilled -->
  <testcase name="G02_DownloadFile" time="0.0" classname="TestCases.UploadContractTest">
    <ignored/>
  </testcase> <!-- G02_DownloadFile -->
  <testcase name="K03_DeactiveService" time="0.0" classname="TestCases.ListServiceTest">
    <ignored/>
  </testcase> <!-- K03_DeactiveService -->
  <testcase name="O02_RejectUser" time="0.0" classname="TestCases.UserApprovalTest">
    <ignored/>
  </testcase> <!-- O02_RejectUser -->
  <testcase name="H03_ServiceOnBoarding" time="0.0" classname="TestCases.DocumentationTest">
    <ignored/>
  </testcase> <!-- H03_ServiceOnBoarding -->
  <testcase name="B02_LoginWithUnverifiedUserAccount" time="0.0" classname="TestCases.AuthenticationSignInTest">
    <ignored/>
  </testcase> <!-- B02_LoginWithUnverifiedUserAccount -->
  <testcase name="H01_GettingStarted" time="0.0" classname="TestCases.DocumentationTest">
    <ignored/>
  </testcase> <!-- H01_GettingStarted -->
  <testcase name="@BeforeSuite deleteScreenShot" time="0.0" classname="bases.BaseWeb">
    <ignored/>
  </testcase> <!-- @BeforeSuite deleteScreenShot -->
  <testcase name="@BeforeSuite deleteScreenShot" time="0.0" classname="bases.BaseWeb">
    <ignored/>
  </testcase> <!-- @BeforeSuite deleteScreenShot -->
  <testcase name="@BeforeSuite deleteScreenShot" time="0.0" classname="bases.BaseWeb">
    <ignored/>
  </testcase> <!-- @BeforeSuite deleteScreenShot -->
  <testcase name="@BeforeSuite deleteScreenShot" time="0.0" classname="bases.BaseWeb">
    <ignored/>
  </testcase> <!-- @BeforeSuite deleteScreenShot -->
  <testcase name="@BeforeSuite deleteScreenShot" time="0.0" classname="bases.BaseWeb">
    <ignored/>
  </testcase> <!-- @BeforeSuite deleteScreenShot -->
  <testcase name="@BeforeSuite deleteScreenShot" time="0.0" classname="bases.BaseWeb">
    <ignored/>
  </testcase> <!-- @BeforeSuite deleteScreenShot -->
  <testcase name="@BeforeSuite deleteScreenShot" time="0.0" classname="bases.BaseWeb">
    <ignored/>
  </testcase> <!-- @BeforeSuite deleteScreenShot -->
  <testcase name="@BeforeSuite deleteScreenShot" time="0.0" classname="bases.BaseWeb">
    <ignored/>
  </testcase> <!-- @BeforeSuite deleteScreenShot -->
  <testcase name="@BeforeSuite deleteScreenShot" time="0.0" classname="bases.BaseWeb">
    <ignored/>
  </testcase> <!-- @BeforeSuite deleteScreenShot -->
  <testcase name="@BeforeSuite deleteScreenShot" time="0.0" classname="bases.BaseWeb">
    <ignored/>
  </testcase> <!-- @BeforeSuite deleteScreenShot -->
  <testcase name="@BeforeSuite deleteScreenShot" time="0.0" classname="bases.BaseWeb">
    <ignored/>
  </testcase> <!-- @BeforeSuite deleteScreenShot -->
  <testcase name="@BeforeSuite deleteScreenShot" time="0.0" classname="bases.BaseWeb">
    <ignored/>
  </testcase> <!-- @BeforeSuite deleteScreenShot -->
  <testcase name="H02_MerchantOnBoarding" time="0.0" classname="TestCases.DocumentationTest">
    <ignored/>
  </testcase> <!-- H02_MerchantOnBoarding -->
  <testcase name="signIn" time="0.0" classname="TestCases.ServiceManagementTest">
    <ignored/>
  </testcase> <!-- signIn -->
  <testcase name="E03_LetMandatoryFieldIsEmptyBasicInfoTab" time="0.0" classname="TestCases.EditProfileTest">
    <ignored/>
  </testcase> <!-- E03_LetMandatoryFieldIsEmptyBasicInfoTab -->
  <testcase name="C03_ForgetPasswordWithValidEmailCredential" time="0.0" classname="TestCases.ForgetPasswordTest">
    <ignored/>
  </testcase> <!-- C03_ForgetPasswordWithValidEmailCredential -->
  <testcase name="R01_ViewServiceManagement" time="0.0" classname="TestCases.ServiceManagementTest">
    <ignored/>
  </testcase> <!-- R01_ViewServiceManagement -->
  <testcase name="B01_LoginWithInvalidCredential" time="0.0" classname="TestCases.AuthenticationSignInTest">
    <ignored/>
  </testcase> <!-- B01_LoginWithInvalidCredential -->
  <testcase name="J02_SecondStepService" time="0.0" classname="TestCases.AddServiceTest">
    <ignored/>
  </testcase> <!-- J02_SecondStepService -->
  <testcase name="E02_AccessEditProfileSupportingDocumentTab" time="0.0" classname="TestCases.EditProfileTest">
    <ignored/>
  </testcase> <!-- E02_AccessEditProfileSupportingDocumentTab -->
  <testcase name="A03_SecondStepSignUp" time="0.0" classname="TestCases.AuthenticationSignUpTest2">
    <ignored/>
  </testcase> <!-- A03_SecondStepSignUp -->
  <testcase name="E04_LetMandatoryFieldIsEmptySupportingDocTab" time="0.0" classname="TestCases.EditProfileTest">
    <ignored/>
  </testcase> <!-- E04_LetMandatoryFieldIsEmptySupportingDocTab -->
  <testcase name="signIn" time="0.0" classname="TestCases.UpdatePasswordTest">
    <ignored/>
  </testcase> <!-- signIn -->
  <testcase name="J03_ThirdStepService" time="0.0" classname="TestCases.AddServiceTest">
    <ignored/>
  </testcase> <!-- J03_ThirdStepService -->
  <testcase name="B03_LoginWithVerifiedUserAccount" time="0.0" classname="TestCases.AuthenticationSignInTest">
    <ignored/>
  </testcase> <!-- B03_LoginWithVerifiedUserAccount -->
  <testcase name="K04_EditServiceWithLetOneOrAllMandatoryFieldsAreEmpty" time="0.0" classname="TestCases.ListServiceTest">
    <ignored/>
  </testcase> <!-- K04_EditServiceWithLetOneOrAllMandatoryFieldsAreEmpty -->
  <testcase name="A04_ThirdStepSignUp" time="0.0" classname="TestCases.AuthenticationSignUpTest2">
    <ignored/>
  </testcase> <!-- A04_ThirdStepSignUp -->
  <testcase name="A02_SignUpWithValidCredential" time="0.0" classname="TestCases.AuthenticationSignUpTest2">
    <ignored/>
  </testcase> <!-- A02_SignUpWithValidCredential -->
  <testcase name="N02_InviteTakenUsernameOrTakenEmailAddress" time="0.0" classname="TestCases.InviteUserTest">
    <ignored/>
  </testcase> <!-- N02_InviteTakenUsernameOrTakenEmailAddress -->
  <testcase name="E01_AccessEditProfileBasicInformationTab" time="0.0" classname="TestCases.EditProfileTest">
    <ignored/>
  </testcase> <!-- E01_AccessEditProfileBasicInformationTab -->
  <testcase name="F03_UpdatePasswordWithCorrectInput" time="0.0" classname="TestCases.UpdatePasswordTest">
    <ignored/>
  </testcase> <!-- F03_UpdatePasswordWithCorrectInput -->
  <testcase name="signIn" time="0.0" classname="TestCases.DocumentationTest">
    <ignored/>
  </testcase> <!-- signIn -->
  <testcase name="R03_ApproveService" time="0.0" classname="TestCases.ServiceManagementTest">
    <ignored/>
  </testcase> <!-- R03_ApproveService -->
  <testcase name="@BeforeSuite settupTestingData" time="0.0" classname="bases.BaseWeb">
    <ignored/>
  </testcase> <!-- @BeforeSuite settupTestingData -->
  <testcase name="@BeforeSuite settupTestingData" time="0.0" classname="bases.BaseWeb">
    <ignored/>
  </testcase> <!-- @BeforeSuite settupTestingData -->
  <testcase name="@BeforeSuite settupTestingData" time="0.0" classname="bases.BaseWeb">
    <ignored/>
  </testcase> <!-- @BeforeSuite settupTestingData -->
  <testcase name="@BeforeSuite settupTestingData" time="0.0" classname="bases.BaseWeb">
    <ignored/>
  </testcase> <!-- @BeforeSuite settupTestingData -->
  <testcase name="@BeforeSuite settupTestingData" time="0.0" classname="bases.BaseWeb">
    <ignored/>
  </testcase> <!-- @BeforeSuite settupTestingData -->
  <testcase name="@BeforeSuite settupTestingData" time="0.0" classname="bases.BaseWeb">
    <ignored/>
  </testcase> <!-- @BeforeSuite settupTestingData -->
  <testcase name="@BeforeSuite settupTestingData" time="0.0" classname="bases.BaseWeb">
    <ignored/>
  </testcase> <!-- @BeforeSuite settupTestingData -->
  <testcase name="@BeforeSuite settupTestingData" time="0.0" classname="bases.BaseWeb">
    <ignored/>
  </testcase> <!-- @BeforeSuite settupTestingData -->
  <testcase name="@BeforeSuite settupTestingData" time="0.0" classname="bases.BaseWeb">
    <ignored/>
  </testcase> <!-- @BeforeSuite settupTestingData -->
  <testcase name="@BeforeSuite settupTestingData" time="0.0" classname="bases.BaseWeb">
    <ignored/>
  </testcase> <!-- @BeforeSuite settupTestingData -->
  <testcase name="@BeforeSuite settupTestingData" time="0.0" classname="bases.BaseWeb">
    <ignored/>
  </testcase> <!-- @BeforeSuite settupTestingData -->
  <testcase name="@BeforeSuite settupTestingData" time="0.0" classname="bases.BaseWeb">
    <ignored/>
  </testcase> <!-- @BeforeSuite settupTestingData -->
  <testcase name="A05_FouthStepofSignUp" time="0.0" classname="TestCases.AuthenticationSignUpTest2">
    <ignored/>
  </testcase> <!-- A05_FouthStepofSignUp -->
  <testcase name="N01_InviteUserWithAllMandatoryAreEmpty" time="0.0" classname="TestCases.InviteUserTest">
    <ignored/>
  </testcase> <!-- N01_InviteUserWithAllMandatoryAreEmpty -->
  <testcase name="signIn" time="0.0" classname="TestCases.InviteUserTest">
    <ignored/>
  </testcase> <!-- signIn -->
  <testcase name="O02_ApproveUser" time="0.0" classname="TestCases.UserApprovalTest">
    <ignored/>
  </testcase> <!-- O02_ApproveUser -->
  <testcase name="G01_UploadFile" time="0.0" classname="TestCases.UploadContractTest">
    <ignored/>
  </testcase> <!-- G01_UploadFile -->
  <testcase name="A07_EmailVerificationSuccess" time="0.0" classname="TestCases.AuthenticationSignUpTest2">
    <ignored/>
  </testcase> <!-- A07_EmailVerificationSuccess -->
  <testcase name="C01_UnverifiedUserTryToForgetPassword" time="0.0" classname="TestCases.ForgetPasswordTest">
    <ignored/>
  </testcase> <!-- C01_UnverifiedUserTryToForgetPassword -->
  <testcase name="K02_ActivateService" time="0.0" classname="TestCases.ListServiceTest">
    <ignored/>
  </testcase> <!-- K02_ActivateService -->
  <testcase name="H04_Integration" time="0.0" classname="TestCases.DocumentationTest">
    <ignored/>
  </testcase> <!-- H04_Integration -->
  <testcase name="O01_ClickOnApproveButtonRejectButtonWithoutSelectCheckbox" time="0.0" classname="TestCases.UserApprovalTest">
    <ignored/>
  </testcase> <!-- O01_ClickOnApproveButtonRejectButtonWithoutSelectCheckbox -->
  <testcase name="signIn" time="0.0" classname="TestCases.UserApprovalTest">
    <ignored/>
  </testcase> <!-- signIn -->
  <testcase name="C02_ForgetPasswordWithInvalidEmailCredential" time="0.0" classname="TestCases.ForgetPasswordTest">
    <ignored/>
  </testcase> <!-- C02_ForgetPasswordWithInvalidEmailCredential -->
  <testcase name="R04_RejectService" time="0.0" classname="TestCases.ServiceManagementTest">
    <ignored/>
  </testcase> <!-- R04_RejectService -->
  <testcase name="signIn" time="0.0" classname="TestCases.EditProfileTest">
    <ignored/>
  </testcase> <!-- signIn -->
  <testcase name="J05_FifthStepService" time="0.0" classname="TestCases.AddServiceTest">
    <ignored/>
  </testcase> <!-- J05_FifthStepService -->
  <testcase name="R02_SearchServiceManagement" time="0.0" classname="TestCases.ServiceManagementTest">
    <ignored/>
  </testcase> <!-- R02_SearchServiceManagement -->
  <testcase name="F02_UpdatePasswordWithNewPasswordAndCoPasswordAreDifferent" time="0.0" classname="TestCases.UpdatePasswordTest">
    <ignored/>
  </testcase> <!-- F02_UpdatePasswordWithNewPasswordAndCoPasswordAreDifferent -->
  <testcase name="J01_FirstStepAddService" time="0.0" classname="TestCases.AddServiceTest">
    <ignored/>
  </testcase> <!-- J01_FirstStepAddService -->
  <testcase name="A01_SignUpWithInvalidCredential" time="0.0" classname="TestCases.AuthenticationSignUpTest">
    <ignored/>
  </testcase> <!-- A01_SignUpWithInvalidCredential -->
  <testcase name="A06_VerifyEmailPage" time="0.0" classname="TestCases.AuthenticationSignUpTest2">
    <ignored/>
  </testcase> <!-- A06_VerifyEmailPage -->
  <testcase name="H06_FAQ" time="0.0" classname="TestCases.DocumentationTest">
    <ignored/>
  </testcase> <!-- H06_FAQ -->
  <testcase name="J06_SixthStepService" time="0.0" classname="TestCases.AddServiceTest">
    <ignored/>
  </testcase> <!-- J06_SixthStepService -->
</testsuite> <!-- Regresion test -->
