<?xml version="1.0" encoding="UTF-8"?>
<!-- Generated by org.testng.reporters.JUnitXMLReporter -->
<testsuite hostname="Potatos-Mac" ignored="2" name="Regresion test for 1.5.35" tests="1" failures="0" timestamp="2021-01-08T14:46:54 WIB" time="9.031" errors="0">
  <testcase name="A_001_LoginwithValidCredential" time="2.816" classname="TestCases.AuthenticationUserSignIn"/>
  <testcase name="A_003_LoginwithInvalidPassword" time="0.0" classname="TestCases.AuthenticationUserSignIn">
    <ignored/>
  </testcase> <!-- A_003_LoginwithInvalidPassword -->
  <testcase name="A_002_LoginwithInvalidEmail" time="0.0" classname="TestCases.AuthenticationUserSignIn">
    <ignored/>
  </testcase> <!-- A_002_LoginwithInvalidEmail -->
</testsuite> <!-- Regresion test for 1.5.35 -->
