<?xml version="1.0" encoding="UTF-8"?>
<testng-results skipped="0" failed="0" ignored="98" total="100" passed="2">
  <reporter-output>
  </reporter-output>
  <suite name="AirpayTestSuite" duration-ms="15974" started-at="2021-02-15T01:32:42 WIB" finished-at="2021-02-15T01:32:58 WIB">
    <groups>
    </groups>
    <test name="Regresiontest" duration-ms="15974" started-at="2021-02-15T01:32:42 WIB" finished-at="2021-02-15T01:32:58 WIB">
      <class name="TestCases.SettingOperatorTest">
        <test-method status="PASS" signature="setBaseConfig(java.lang.String, java.lang.String, java.lang.String)[pri:0, instance:TestCases.SettingOperatorTest@19b30c92]" name="setBaseConfig" is-config="true" duration-ms="5771" started-at="2021-02-15T01:32:42 WIB" finished-at="2021-02-15T01:32:48 WIB">
          <params>
            <param index="0">
              <value>
                <![CDATA[chrome]]>
              </value>
            </param>
            <param index="1">
              <value>
                <![CDATA[false]]>
              </value>
            </param>
            <param index="2">
              <value>
                <![CDATA[airpay]]>
              </value>
            </param>
          </params>
          <reporter-output>
          </reporter-output>
        </test-method> <!-- setBaseConfig -->
        <test-method status="PASS" signature="signIn()[pri:1, instance:TestCases.SettingOperatorTest@19b30c92]" name="signIn" duration-ms="5329" started-at="2021-02-15T01:32:48 WIB" finished-at="2021-02-15T01:32:53 WIB">
          <reporter-output>
          </reporter-output>
        </test-method> <!-- signIn -->
        <test-method status="PASS" signature="Y01_CreateOperatorwithLetOneOrAllMandatoryFieldsAreEmpty()[pri:2, instance:TestCases.SettingOperatorTest@19b30c92]" name="Y01_CreateOperatorwithLetOneOrAllMandatoryFieldsAreEmpty" duration-ms="4369" started-at="2021-02-15T01:32:53 WIB" finished-at="2021-02-15T01:32:58 WIB">
          <reporter-output>
          </reporter-output>
        </test-method> <!-- Y01_CreateOperatorwithLetOneOrAllMandatoryFieldsAreEmpty -->
        <test-method status="PASS" signature="quitDriver()[pri:0, instance:TestCases.SettingOperatorTest@19b30c92]" name="quitDriver" is-config="true" duration-ms="187" started-at="2021-02-15T01:32:58 WIB" finished-at="2021-02-15T01:32:58 WIB">
          <reporter-output>
          </reporter-output>
        </test-method> <!-- quitDriver -->
      </class> <!-- TestCases.SettingOperatorTest -->
      <class name="TestCases.AuthenticationSignUpTest">
        <test-method status="PASS" signature="deleteScreenShot()[pri:0, instance:TestCases.AuthenticationSignUpTest@5e77f0f4]" name="deleteScreenShot" is-config="true" duration-ms="41" started-at="2021-02-15T01:32:42 WIB" finished-at="2021-02-15T01:32:42 WIB">
          <reporter-output>
          </reporter-output>
        </test-method> <!-- deleteScreenShot -->
        <test-method status="PASS" signature="settupTestingData()[pri:0, instance:TestCases.AuthenticationSignUpTest@5e77f0f4]" name="settupTestingData" is-config="true" duration-ms="1" started-at="2021-02-15T01:32:42 WIB" finished-at="2021-02-15T01:32:42 WIB">
          <reporter-output>
          </reporter-output>
        </test-method> <!-- settupTestingData -->
      </class> <!-- TestCases.AuthenticationSignUpTest -->
    </test> <!-- Regresiontest -->
  </suite> <!-- AirpayTestSuite -->
</testng-results>
